<?xml version="1.0" encoding="UTF-8"?>
<!-- Generated by org.testng.reporters.JUnitReportReporter -->
<testsuite hostname="VDI-054" name="tests.OpenPagesSysAdmin" tests="1" failures="0" timestamp="12 Oct 2016 12:37:36 GMT" time="21.432" errors="0">
  <testcase name="CreateNewCampaign" time="21.432" classname="tests.OpenPagesSysAdmin"/>
</testsuite> <!-- tests.OpenPagesSysAdmin -->
