<?xml version="1.0" encoding="UTF-8"?>
<!-- Generated by org.testng.reporters.JUnitReportReporter -->
<testsuite hostname="VDI-054" name="tests.IPTest1" tests="1" failures="0" timestamp="12 Oct 2016 12:12:49 GMT" time="5.336" errors="0">
  <testcase name="TestIdeationCircles" time="5.336" classname="tests.IPTest1"/>
</testsuite> <!-- tests.IPTest1 -->
